*********************************************************
License Requirements for Model:
 NREL_5MW.rigid
*********************************************************
KPR(gui):
 - NREL_5MW.rigid

KCO(control_gui):
 - $C_PI

KCO(control_gui) OR KAU(autoplus_gui):
 - $C_diff_speed
 - $C_ref_speed

KCO(control_gui) OR KAU(autoplus_gui) OR KRL(wheelrail_gui):
 - $C_output_speed

KGR(gearwheel_gui):
 - $FEG_stage_01.$FEG_mesh.$F_ring_planet_01
 - $FEG_stage_01.$FEG_mesh.$F_ring_planet_02
 - $FEG_stage_01.$FEG_mesh.$F_ring_planet_03
 - $FEG_stage_01.$FEG_mesh.$F_sun_planet_01
 - $FEG_stage_01.$FEG_mesh.$F_sun_planet_02
 - $FEG_stage_01.$FEG_mesh.$F_sun_planet_03
 - $FEG_stage_02.$FEG_mesh.$F_ring_planet_01
 - $FEG_stage_02.$FEG_mesh.$F_ring_planet_02
 - $FEG_stage_02.$FEG_mesh.$F_ring_planet_03
 - $FEG_stage_02.$FEG_mesh.$F_sun_planet_01
 - $FEG_stage_02.$FEG_mesh.$F_sun_planet_02
 - $FEG_stage_02.$FEG_mesh.$F_sun_planet_03
 - $FEG_stage_03.$F_pinion_wheel

*********************************************************


Body requirements:
==================
   ./.

Marker requirements:
=====================
   ./.

Joint requirements:
===================
   ./.

Force requirements:
===================
   1. Type                 = 129
       Name                 = $C_PI
       Mandatory features   = control_gui
       Alternative feature  = -
   -------------------------------------------------------------
   2. Type                 = 143
       Name                 = $C_diff_speed
       Mandatory features   = control_gui
       Alternative feature  =  autoplus_gui
   -------------------------------------------------------------
   3. Type                 = 170
       Name                 = $C_ref_speed
       Mandatory features   = control_gui
       Alternative feature  =  autoplus_gui
   -------------------------------------------------------------
   4. Type                 = 160
       Name                 = $C_output_speed
       Mandatory features   = control_gui
       Alternative feature  =  autoplus_gui wheelrail_gui
   -------------------------------------------------------------
   5. Type                 = 225
       Name                 = $FEG_stage_01.$FEG_mesh.$F_ring_planet_01
       Mandatory features   = gearwheel_gui
       Alternative feature  = -
   -------------------------------------------------------------
   6. Type                 = 225
       Name                 = $FEG_stage_01.$FEG_mesh.$F_ring_planet_02
       Mandatory features   = gearwheel_gui
       Alternative feature  = -
   -------------------------------------------------------------
   7. Type                 = 225
       Name                 = $FEG_stage_01.$FEG_mesh.$F_ring_planet_03
       Mandatory features   = gearwheel_gui
       Alternative feature  = -
   -------------------------------------------------------------
   8. Type                 = 225
       Name                 = $FEG_stage_01.$FEG_mesh.$F_sun_planet_01
       Mandatory features   = gearwheel_gui
       Alternative feature  = -
   -------------------------------------------------------------
   9. Type                 = 225
       Name                 = $FEG_stage_01.$FEG_mesh.$F_sun_planet_02
       Mandatory features   = gearwheel_gui
       Alternative feature  = -
   -------------------------------------------------------------
   10. Type                 = 225
       Name                 = $FEG_stage_01.$FEG_mesh.$F_sun_planet_03
       Mandatory features   = gearwheel_gui
       Alternative feature  = -
   -------------------------------------------------------------
   11. Type                 = 225
       Name                 = $FEG_stage_02.$FEG_mesh.$F_ring_planet_01
       Mandatory features   = gearwheel_gui
       Alternative feature  = -
   -------------------------------------------------------------
   12. Type                 = 225
       Name                 = $FEG_stage_02.$FEG_mesh.$F_ring_planet_02
       Mandatory features   = gearwheel_gui
       Alternative feature  = -
   -------------------------------------------------------------
   13. Type                 = 225
       Name                 = $FEG_stage_02.$FEG_mesh.$F_ring_planet_03
       Mandatory features   = gearwheel_gui
       Alternative feature  = -
   -------------------------------------------------------------
   14. Type                 = 225
       Name                 = $FEG_stage_02.$FEG_mesh.$F_sun_planet_01
       Mandatory features   = gearwheel_gui
       Alternative feature  = -
   -------------------------------------------------------------
   15. Type                 = 225
       Name                 = $FEG_stage_02.$FEG_mesh.$F_sun_planet_02
       Mandatory features   = gearwheel_gui
       Alternative feature  = -
   -------------------------------------------------------------
   16. Type                 = 225
       Name                 = $FEG_stage_02.$FEG_mesh.$F_sun_planet_03
       Mandatory features   = gearwheel_gui
       Alternative feature  = -
   -------------------------------------------------------------
   17. Type                 = 225
       Name                 = $FEG_stage_03.$F_pinion_wheel
       Mandatory features   = gearwheel_gui
       Alternative feature  = -
   -------------------------------------------------------------

Constraint requirements:
=========================
   ./.

Result requirements:
=========================
   ./.

Filter requirements:
====================
   ./.

Primitive requirements:
====================
   ./.
